# JRE version: OpenJDK Runtime Environment Temurin-21.0.10+7 (21.0.10+7) (build 21.0.10+7-LTS)
# Java VM: OpenJDK 64-Bit Server VM Temurin-21.0.10+7 (21.0.10+7-LTS, mixed mode, sharing, tiered, compressed oops, compressed class ptrs, parallel gc, windows-amd64)
GC Precious Log:
 CardTable entry size: 512
 CPUs: 8 total, 8 available
 Memory: 7971M
 Large Page Support: Disabled
 NUMA Support: Disabled
 Compressed Oops: Enabled (32-bit)
 Alignments: Space 512K, Generation 512K, Heap 2M
 Heap Min Capacity: 100M
 Heap Initial Capacity: 100M
 Heap Max Capacity: 2G
 Pre-touch: Disabled
 Parallel Workers: 8
Heap:
 PSYoungGen      total 14336K, used 14167K [0x00000000d5580000, 0x00000000d6580000, 0x0000000100000000)
  eden space 13312K, 100% used [0x00000000d5580000,0x00000000d6280000,0x00000000d6280000)
  from space 1024K, 83% used [0x00000000d6480000,0x00000000d6555c60,0x00000000d6580000)
  to   space 1024K, 53% used [0x00000000d6380000,0x00000000d6408000,0x00000000d6480000)
 ParOldGen       total 102400K, used 102291K [0x0000000080000000, 0x0000000086400000, 0x00000000d5580000)
  object space 102400K, 99% used [0x0000000080000000,0x00000000863e4d78,0x0000000086400000)
 Metaspace       used 79189K, committed 80960K, reserved 1179648K
  class space    used 9632K, committed 10432K, reserved 1048576K
GC Heap History (20 events):
Event: 23.440 GC heap after
{Heap after GC invocations=82 (full 3):
 PSYoungGen      total 14848K, used 1200K [0x00000000d5580000, 0x00000000d6b00000, 0x0000000100000000)
  eden space 13312K, 0% used [0x00000000d5580000,0x00000000d5580000,0x00000000d6280000)
  from space 1536K, 78% used [0x00000000d6280000,0x00000000d63ac010,0x00000000d6400000)
  to   space 3584K, 0% used [0x00000000d6780000,0x00000000d6780000,0x00000000d6b00000)
 ParOldGen       total 94720K, used 94680K [0x0000000080000000, 0x0000000085c80000, 0x00000000d5580000)
  object space 94720K, 99% used [0x0000000080000000,0x0000000085c76200,0x0000000085c80000)
 Metaspace       used 71554K, committed 73152K, reserved 1114112K
  class space    used 8801K, committed 9472K, reserved 1048576K
}
Event: 23.566 GC heap before
{Heap before GC invocations=83 (full 3):
 PSYoungGen      total 14848K, used 14486K [0x00000000d5580000, 0x00000000d6b00000, 0x0000000100000000)
  eden space 13312K, 99% used [0x00000000d5580000,0x00000000d6279948,0x00000000d6280000)
  from space 1536K, 78% used [0x00000000d6280000,0x00000000d63ac010,0x00000000d6400000)
  to   space 3584K, 0% used [0x00000000d6780000,0x00000000d6780000,0x00000000d6b00000)
 ParOldGen       total 94720K, used 94680K [0x0000000080000000, 0x0000000085c80000, 0x00000000d5580000)
  object space 94720K, 99% used [0x0000000080000000,0x0000000085c76200,0x0000000085c80000)
 Metaspace       used 72563K, committed 74176K, reserved 1114112K
  class space    used 8894K, committed 9600K, reserved 1048576K
}
Event: 23.568 GC heap after
{Heap after GC invocations=83 (full 3):
 PSYoungGen      total 14336K, used 795K [0x00000000d5580000, 0x00000000d6880000, 0x0000000100000000)
  eden space 13312K, 0% used [0x00000000d5580000,0x00000000d5580000,0x00000000d6280000)
  from space 1024K, 77% used [0x00000000d6780000,0x00000000d6846c98,0x00000000d6880000)
  to   space 1536K, 0% used [0x00000000d6580000,0x00000000d6580000,0x00000000d6700000)
 ParOldGen       total 96256K, used 95800K [0x0000000080000000, 0x0000000085e00000, 0x00000000d5580000)
  object space 96256K, 99% used [0x0000000080000000,0x0000000085d8e200,0x0000000085e00000)
 Metaspace       used 72563K, committed 74176K, reserved 1114112K
  class space    used 8894K, committed 9600K, reserved 1048576K
}
Event: 23.894 GC heap before
{Heap before GC invocations=84 (full 3):
 PSYoungGen      total 14336K, used 14078K [0x00000000d5580000, 0x00000000d6880000, 0x0000000100000000)
  eden space 13312K, 99% used [0x00000000d5580000,0x00000000d6278bd8,0x00000000d6280000)
  from space 1024K, 77% used [0x00000000d6780000,0x00000000d6846c98,0x00000000d6880000)
  to   space 1536K, 0% used [0x00000000d6580000,0x00000000d6580000,0x00000000d6700000)
 ParOldGen       total 96256K, used 95800K [0x0000000080000000, 0x0000000085e00000, 0x00000000d5580000)
  object space 96256K, 99% used [0x0000000080000000,0x0000000085d8e200,0x0000000085e00000)
 Metaspace       used 73590K, committed 75264K, reserved 1114112K
  class space    used 9062K, committed 9792K, reserved 1048576K
}
Event: 23.896 GC heap after
{Heap after GC invocations=84 (full 3):
 PSYoungGen      total 14848K, used 444K [0x00000000d5580000, 0x00000000d6800000, 0x0000000100000000)
  eden space 13312K, 0% used [0x00000000d5580000,0x00000000d5580000,0x00000000d6280000)
  from space 1536K, 28% used [0x00000000d6580000,0x00000000d65ef280,0x00000000d6700000)
  to   space 1024K, 0% used [0x00000000d6700000,0x00000000d6700000,0x00000000d6800000)
 ParOldGen       total 96768K, used 96479K [0x0000000080000000, 0x0000000085e80000, 0x00000000d5580000)
  object space 96768K, 99% used [0x0000000080000000,0x0000000085e37f00,0x0000000085e80000)
 Metaspace       used 73590K, committed 75264K, reserved 1114112K
  class space    used 9062K, committed 9792K, reserved 1048576K
}
Event: 24.432 GC heap before
{Heap before GC invocations=85 (full 3):
 PSYoungGen      total 14848K, used 13756K [0x00000000d5580000, 0x00000000d6800000, 0x0000000100000000)
  eden space 13312K, 100% used [0x00000000d5580000,0x00000000d6280000,0x00000000d6280000)
  from space 1536K, 28% used [0x00000000d6580000,0x00000000d65ef280,0x00000000d6700000)
  to   space 1024K, 0% used [0x00000000d6700000,0x00000000d6700000,0x00000000d6800000)
 ParOldGen       total 96768K, used 96479K [0x0000000080000000, 0x0000000085e80000, 0x00000000d5580000)
  object space 96768K, 99% used [0x0000000080000000,0x0000000085e37f00,0x0000000085e80000)
 Metaspace       used 74207K, committed 75840K, reserved 1179648K
  class space    used 9134K, committed 9856K, reserved 1048576K
}
Event: 24.434 GC heap after
{Heap after GC invocations=85 (full 3):
 PSYoungGen      total 13824K, used 384K [0x00000000d5580000, 0x00000000d6780000, 0x0000000100000000)
  eden space 13312K, 0% used [0x00000000d5580000,0x00000000d5580000,0x00000000d6280000)
  from space 512K, 75% used [0x00000000d6700000,0x00000000d6760010,0x00000000d6780000)
  to   space 512K, 0% used [0x00000000d6680000,0x00000000d6680000,0x00000000d6700000)
 ParOldGen       total 97280K, used 96871K [0x0000000080000000, 0x0000000085f00000, 0x00000000d5580000)
  object space 97280K, 99% used [0x0000000080000000,0x0000000085e99cb0,0x0000000085f00000)
 Metaspace       used 74207K, committed 75840K, reserved 1179648K
  class space    used 9134K, committed 9856K, reserved 1048576K
}
Event: 24.912 GC heap before
{Heap before GC invocations=86 (full 3):
 PSYoungGen      total 13824K, used 13696K [0x00000000d5580000, 0x00000000d6780000, 0x0000000100000000)
  eden space 13312K, 100% used [0x00000000d5580000,0x00000000d6280000,0x00000000d6280000)
  from space 512K, 75% used [0x00000000d6700000,0x00000000d6760010,0x00000000d6780000)
  to   space 512K, 0% used [0x00000000d6680000,0x00000000d6680000,0x00000000d6700000)
 ParOldGen       total 97280K, used 96871K [0x0000000080000000, 0x0000000085f00000, 0x00000000d5580000)
  object space 97280K, 99% used [0x0000000080000000,0x0000000085e99cb0,0x0000000085f00000)
 Metaspace       used 75135K, committed 76736K, reserved 1179648K
  class space    used 9216K, committed 9920K, reserved 1048576K
}
Event: 24.915 GC heap after
{Heap after GC invocations=86 (full 3):
 PSYoungGen      total 13824K, used 512K [0x00000000d5580000, 0x00000000d6780000, 0x0000000100000000)
  eden space 13312K, 0% used [0x00000000d5580000,0x00000000d5580000,0x00000000d6280000)
  from space 512K, 100% used [0x00000000d6680000,0x00000000d6700000,0x00000000d6700000)
  to   space 512K, 0% used [0x00000000d6700000,0x00000000d6700000,0x00000000d6780000)
 ParOldGen       total 97792K, used 97535K [0x0000000080000000, 0x0000000085f80000, 0x00000000d5580000)
  object space 97792K, 99% used [0x0000000080000000,0x0000000085f3fcc0,0x0000000085f80000)
 Metaspace       used 75135K, committed 76736K, reserved 1179648K
  class space    used 9216K, committed 9920K, reserved 1048576K
}
Event: 25.326 GC heap before
{Heap before GC invocations=87 (full 3):
 PSYoungGen      total 13824K, used 13824K [0x00000000d5580000, 0x00000000d6780000, 0x0000000100000000)
  eden space 13312K, 100% used [0x00000000d5580000,0x00000000d6280000,0x00000000d6280000)
  from space 512K, 100% used [0x00000000d6680000,0x00000000d6700000,0x00000000d6700000)
  to   space 512K, 0% used [0x00000000d6700000,0x00000000d6700000,0x00000000d6780000)
 ParOldGen       total 97792K, used 97535K [0x0000000080000000, 0x0000000085f80000, 0x00000000d5580000)
  object space 97792K, 99% used [0x0000000080000000,0x0000000085f3fcc0,0x0000000085f80000)
 Metaspace       used 75942K, committed 77568K, reserved 1179648K
  class space    used 9301K, committed 9984K, reserved 1048576K
}
Event: 25.330 GC heap after
{Heap after GC invocations=87 (full 3):
 PSYoungGen      total 13824K, used 512K [0x00000000d5580000, 0x00000000d6880000, 0x0000000100000000)
  eden space 13312K, 0% used [0x00000000d5580000,0x00000000d5580000,0x00000000d6280000)
  from space 512K, 100% used [0x00000000d6700000,0x00000000d6780000,0x00000000d6780000)
  to   space 3072K, 0% used [0x00000000d6280000,0x00000000d6280000,0x00000000d6580000)
 ParOldGen       total 99840K, used 99598K [0x0000000080000000, 0x0000000086180000, 0x00000000d5580000)
  object space 99840K, 99% used [0x0000000080000000,0x00000000861438f0,0x0000000086180000)
 Metaspace       used 75942K, committed 77568K, reserved 1179648K
  class space    used 9301K, committed 9984K, reserved 1048576K
}
Event: 40.214 GC heap before
{Heap before GC invocations=88 (full 3):
 PSYoungGen      total 13824K, used 13824K [0x00000000d5580000, 0x00000000d6880000, 0x0000000100000000)
  eden space 13312K, 100% used [0x00000000d5580000,0x00000000d6280000,0x00000000d6280000)
  from space 512K, 100% used [0x00000000d6700000,0x00000000d6780000,0x00000000d6780000)
  to   space 3072K, 0% used [0x00000000d6280000,0x00000000d6280000,0x00000000d6580000)
 ParOldGen       total 99840K, used 99598K [0x0000000080000000, 0x0000000086180000, 0x00000000d5580000)
  object space 99840K, 99% used [0x0000000080000000,0x00000000861438f0,0x0000000086180000)
 Metaspace       used 76428K, committed 78080K, reserved 1179648K
  class space    used 9378K, committed 10112K, reserved 1048576K
}
Event: 40.216 GC heap after
{Heap after GC invocations=88 (full 3):
 PSYoungGen      total 16384K, used 1024K [0x00000000d5580000, 0x00000000d6780000, 0x0000000100000000)
  eden space 13312K, 0% used [0x00000000d5580000,0x00000000d5580000,0x00000000d6280000)
  from space 3072K, 33% used [0x00000000d6280000,0x00000000d6380000,0x00000000d6580000)
  to   space 2048K, 0% used [0x00000000d6580000,0x00000000d6580000,0x00000000d6780000)
 ParOldGen       total 100352K, used 100118K [0x0000000080000000, 0x0000000086200000, 0x00000000d5580000)
  object space 100352K, 99% used [0x0000000080000000,0x00000000861c58f0,0x0000000086200000)
 Metaspace       used 76428K, committed 78080K, reserved 1179648K
  class space    used 9378K, committed 10112K, reserved 1048576K
}
Event: 40.339 GC heap before
{Heap before GC invocations=89 (full 3):
 PSYoungGen      total 16384K, used 14336K [0x00000000d5580000, 0x00000000d6780000, 0x0000000100000000)
  eden space 13312K, 100% used [0x00000000d5580000,0x00000000d6280000,0x00000000d6280000)
  from space 3072K, 33% used [0x00000000d6280000,0x00000000d6380000,0x00000000d6580000)
  to   space 2048K, 0% used [0x00000000d6580000,0x00000000d6580000,0x00000000d6780000)
 ParOldGen       total 100352K, used 100118K [0x0000000080000000, 0x0000000086200000, 0x00000000d5580000)
  object space 100352K, 99% used [0x0000000080000000,0x00000000861c58f0,0x0000000086200000)
 Metaspace       used 77396K, committed 79040K, reserved 1179648K
  class space    used 9449K, committed 10176K, reserved 1048576K
}
Event: 40.342 GC heap after
{Heap after GC invocations=89 (full 3):
 PSYoungGen      total 15360K, used 1706K [0x00000000d5580000, 0x00000000d6780000, 0x0000000100000000)
  eden space 13312K, 0% used [0x00000000d5580000,0x00000000d5580000,0x00000000d6280000)
  from space 2048K, 83% used [0x00000000d6580000,0x00000000d672a988,0x00000000d6780000)
  to   space 2048K, 0% used [0x00000000d6380000,0x00000000d6380000,0x00000000d6580000)
 ParOldGen       total 101376K, used 101046K [0x0000000080000000, 0x0000000086300000, 0x00000000d5580000)
  object space 101376K, 99% used [0x0000000080000000,0x00000000862ad8f0,0x0000000086300000)
 Metaspace       used 77396K, committed 79040K, reserved 1179648K
  class space    used 9449K, committed 10176K, reserved 1048576K
}
Event: 40.381 GC heap before
{Heap before GC invocations=90 (full 3):
 PSYoungGen      total 15360K, used 15018K [0x00000000d5580000, 0x00000000d6780000, 0x0000000100000000)
  eden space 13312K, 100% used [0x00000000d5580000,0x00000000d6280000,0x00000000d6280000)
  from space 2048K, 83% used [0x00000000d6580000,0x00000000d672a988,0x00000000d6780000)
  to   space 2048K, 0% used [0x00000000d6380000,0x00000000d6380000,0x00000000d6580000)
 ParOldGen       total 101376K, used 101046K [0x0000000080000000, 0x0000000086300000, 0x00000000d5580000)
  object space 101376K, 99% used [0x0000000080000000,0x00000000862ad8f0,0x0000000086300000)
 Metaspace       used 77411K, committed 79040K, reserved 1179648K
  class space    used 9449K, committed 10176K, reserved 1048576K
}
Event: 40.382 GC heap after
{Heap after GC invocations=90 (full 3):
 PSYoungGen      total 14336K, used 854K [0x00000000d5580000, 0x00000000d6600000, 0x0000000100000000)
  eden space 13312K, 0% used [0x00000000d5580000,0x00000000d5580000,0x00000000d6280000)
  from space 1024K, 83% used [0x00000000d6380000,0x00000000d64559b0,0x00000000d6480000)
  to   space 1536K, 0% used [0x00000000d6480000,0x00000000d6480000,0x00000000d6600000)
 ParOldGen       total 102400K, used 102251K [0x0000000080000000, 0x0000000086400000, 0x00000000d5580000)
  object space 102400K, 99% used [0x0000000080000000,0x00000000863dad78,0x0000000086400000)
 Metaspace       used 77411K, committed 79040K, reserved 1179648K
  class space    used 9449K, committed 10176K, reserved 1048576K
}
Event: 40.404 GC heap before
{Heap before GC invocations=91 (full 3):
 PSYoungGen      total 14336K, used 14166K [0x00000000d5580000, 0x00000000d6600000, 0x0000000100000000)
  eden space 13312K, 100% used [0x00000000d5580000,0x00000000d6280000,0x00000000d6280000)
  from space 1024K, 83% used [0x00000000d6380000,0x00000000d64559b0,0x00000000d6480000)
  to   space 1536K, 0% used [0x00000000d6480000,0x00000000d6480000,0x00000000d6600000)
 ParOldGen       total 102400K, used 102251K [0x0000000080000000, 0x0000000086400000, 0x00000000d5580000)
  object space 102400K, 99% used [0x0000000080000000,0x00000000863dad78,0x0000000086400000)
 Metaspace       used 77416K, committed 79040K, reserved 1179648K
  class space    used 9449K, committed 10176K, reserved 1048576K
}
Event: 40.404 GC heap after
{Heap after GC invocations=91 (full 3):
 PSYoungGen      total 14336K, used 855K [0x00000000d5580000, 0x00000000d6580000, 0x0000000100000000)
  eden space 13312K, 0% used [0x00000000d5580000,0x00000000d5580000,0x00000000d6280000)
  from space 1024K, 83% used [0x00000000d6480000,0x00000000d6555c60,0x00000000d6580000)
  to   space 1024K, 0% used [0x00000000d6380000,0x00000000d6380000,0x00000000d6480000)
 ParOldGen       total 102400K, used 102267K [0x0000000080000000, 0x0000000086400000, 0x00000000d5580000)
  object space 102400K, 99% used [0x0000000080000000,0x00000000863ded78,0x0000000086400000)
 Metaspace       used 77416K, committed 79040K, reserved 1179648K
  class space    used 9449K, committed 10176K, reserved 1048576K
}
Event: 956.520 GC heap before
{Heap before GC invocations=92 (full 3):
 PSYoungGen      total 14336K, used 14167K [0x00000000d5580000, 0x00000000d6580000, 0x0000000100000000)
  eden space 13312K, 100% used [0x00000000d5580000,0x00000000d6280000,0x00000000d6280000)
  from space 1024K, 83% used [0x00000000d6480000,0x00000000d6555c60,0x00000000d6580000)
  to   space 1024K, 0% used [0x00000000d6380000,0x00000000d6380000,0x00000000d6480000)
 ParOldGen       total 102400K, used 102267K [0x0000000080000000, 0x0000000086400000, 0x00000000d5580000)
  object space 102400K, 99% used [0x0000000080000000,0x00000000863ded78,0x0000000086400000)
 Metaspace       used 79189K, committed 80960K, reserved 1179648K
  class space    used 9632K, committed 10432K, reserved 1048576K
}

